c:\users\keida\onedrive\documents\github\bytefrost\assembler v2\bytefrostassembler\bytefrostassembler\x64\release\vc143.pdb
c:\users\keida\onedrive\documents\github\bytefrost\assembler v2\bytefrostassembler\bytefrostassembler\x64\release\utility.obj
c:\users\keida\onedrive\documents\github\bytefrost\assembler v2\bytefrostassembler\bytefrostassembler\x64\release\parser.obj
c:\users\keida\onedrive\documents\github\bytefrost\assembler v2\bytefrostassembler\bytefrostassembler\x64\release\isa.obj
c:\users\keida\onedrive\documents\github\bytefrost\assembler v2\bytefrostassembler\bytefrostassembler\x64\release\file_generation.obj
c:\users\keida\onedrive\documents\github\bytefrost\assembler v2\bytefrostassembler\bytefrostassembler\x64\release\clap.obj
c:\users\keida\onedrive\documents\github\bytefrost\assembler v2\bytefrostassembler\bytefrostassembler\x64\release\assembly_instructions.obj
c:\users\keida\onedrive\documents\github\bytefrost\assembler v2\bytefrostassembler\bytefrostassembler\x64\release\main.obj
c:\users\keida\onedrive\documents\github\bytefrost\assembler v2\bytefrostassembler\bytefrostassembler\x64\release\assembler.obj
c:\users\keida\onedrive\documents\github\bytefrost\assembler v2\bytefrostassembler\bytefrostassembler\x64\release\preprocessor.obj
c:\users\keida\onedrive\documents\github\bytefrost\assembler v2\bytefrostassembler\bytefrostassembler\x64\release\label_handler.obj
c:\users\keida\onedrive\documents\github\bytefrost\assembler v2\bytefrostassembler\x64\release\bytefrostassembler.exe
c:\users\keida\onedrive\documents\github\bytefrost\assembler v2\bytefrostassembler\x64\release\bytefrostassembler.pdb
c:\users\keida\onedrive\documents\github\bytefrost\assembler v2\bytefrostassembler\bytefrostassembler\x64\release\bytefrostassembler.ipdb
c:\users\keida\onedrive\documents\github\bytefrost\assembler v2\bytefrostassembler\bytefrostassembler\x64\release\bytefrostassembler.iobj
c:\users\keida\onedrive\documents\github\bytefrost\assembler v2\bytefrostassembler\bytefrostassembler\x64\release\bytefros.ce0206dd.tlog\cl.command.1.tlog
c:\users\keida\onedrive\documents\github\bytefrost\assembler v2\bytefrostassembler\bytefrostassembler\x64\release\bytefros.ce0206dd.tlog\cl.items.tlog
c:\users\keida\onedrive\documents\github\bytefrost\assembler v2\bytefrostassembler\bytefrostassembler\x64\release\bytefros.ce0206dd.tlog\cl.read.1.tlog
c:\users\keida\onedrive\documents\github\bytefrost\assembler v2\bytefrostassembler\bytefrostassembler\x64\release\bytefros.ce0206dd.tlog\cl.write.1.tlog
c:\users\keida\onedrive\documents\github\bytefrost\assembler v2\bytefrostassembler\bytefrostassembler\x64\release\bytefros.ce0206dd.tlog\link.command.1.tlog
c:\users\keida\onedrive\documents\github\bytefrost\assembler v2\bytefrostassembler\bytefrostassembler\x64\release\bytefros.ce0206dd.tlog\link.read.1.tlog
c:\users\keida\onedrive\documents\github\bytefrost\assembler v2\bytefrostassembler\bytefrostassembler\x64\release\bytefros.ce0206dd.tlog\link.secondary.1.tlog
c:\users\keida\onedrive\documents\github\bytefrost\assembler v2\bytefrostassembler\bytefrostassembler\x64\release\bytefros.ce0206dd.tlog\link.write.1.tlog
